<?xml version="1.0" encoding="UTF-8"?>
<!-- Generated by org.testng.reporters.JUnitReportReporter -->
<testsuite hostname="FULL380-PRT.FULL.Creative" name="com.HippoVideo.Test.MainClass" tests="1" failures="0" timestamp="6 Mar 2020 13:58:58 GMT" time="87.665" errors="0">
  <testcase name="helper" time="87.665" classname="com.HippoVideo.Test.MainClass"/>
</testsuite> <!-- com.HippoVideo.Test.MainClass -->
