<?xml version="1.0" encoding="UTF-8"?>
<!-- Generated by org.testng.reporters.JUnitReportReporter -->
<testsuite hostname="FULL380-PRT.FULL.Creative" name="com.HippoVideo.Test.HippoVideoRecorder" tests="1" failures="0" timestamp="7 Mar 2020 11:48:26 GMT" time="145.790" errors="0">
  <testcase name="helper" time="145.790" classname="com.HippoVideo.Test.HippoVideoRecorder"/>
</testsuite> <!-- com.HippoVideo.Test.HippoVideoRecorder -->
