<?xml version="1.0" encoding="UTF-8"?>
<!-- Generated by org.testng.reporters.JUnitReportReporter -->
<testsuite skipped="0" hostname="FULL380-PRT.FULL.Creative" name="com.HippoVideo.Test.MainClass" tests="1" failures="0" timestamp="2020-03-06T12:49:31 IST" time="9.187" errors="0">
  <testcase name="helper" time="9.187" classname="com.HippoVideo.Test.MainClass"/>
  <system-out/>
</testsuite> <!-- com.HippoVideo.Test.MainClass -->
